2025-01-06 14:54:49,712 - DEBUG - Это сообщение уровня DEBUG.
2025-01-06 14:54:49,712 - INFO - Это сообщение уровня INFO.
2025-01-06 14:54:49,712 - WARNING - Это сообщение уровня WARNING.
2025-01-06 14:54:49,713 - ERROR - Это сообщение уровня ERROR.
2025-01-06 14:54:49,713 - CRITICAL - Это сообщение уровня CRITICAL.
2025-01-06 14:57:31,013 - DEBUG - Это сообщение уровня DEBUG.
2025-01-06 15:03:39,973 - DEBUG - Это сообщение уровня DEBUG.
2025-01-06 15:03:39,973 - INFO - Это сообщение уровня INFO.
2025-01-06 15:03:39,973 - WARNING - Это сообщение уровня WARNING.
2025-01-06 15:03:39,973 - ERROR - Это сообщение уровня ERROR.
2025-01-06 15:03:39,973 - CRITICAL - Это сообщение уровня CRITICAL.
2025-01-06 15:08:26,072 - DEBUG - Это сообщение уровня DEBUG.
2025-01-06 15:08:26,072 - INFO - Это сообщение уровня INFO.
2025-01-06 15:08:26,072 - WARNING - Это сообщение уровня WARNING.
2025-01-06 15:08:26,073 - ERROR - Это сообщение уровня ERROR.
2025-01-06 15:08:26,073 - CRITICAL - Это сообщение уровня CRITICAL.
2025-01-06 15:09:17,759 - DEBUG - Это сообщение уровня DEBUG.
2025-01-06 15:09:17,760 - INFO - Это сообщение уровня INFO.
2025-01-06 15:09:17,760 - WARNING - Это сообщение уровня WARNING.
2025-01-06 15:09:17,760 - ERROR - Это сообщение уровня ERROR.
2025-01-06 15:09:17,761 - CRITICAL - Это сообщение уровня CRITICAL.
